{"C:\\Users\\HFC\\Desktop\\Microverse-projects\\To-Do-List\\src\\add.js": {"path":"C:\\Users\\HFC\\Desktop\\Microverse-projects\\To-Do-List\\src\\add.js","statementMap":{"0":{"start":{"line":1,"column":12},"end":{"line":12,"column":1}},"1":{"start":{"line":2,"column":2},"end":{"line":11,"column":5}},"2":{"start":{"line":3,"column":18},"end":{"line":3,"column":38}},"3":{"start":{"line":4,"column":24},"end":{"line":4,"column":60}},"4":{"start":{"line":5,"column":16},"end":{"line":5,"column":38}},"5":{"start":{"line":6,"column":4},"end":{"line":6,"column":34}},"6":{"start":{"line":7,"column":4},"end":{"line":7,"column":46}},"7":{"start":{"line":8,"column":4},"end":{"line":8,"column":72}},"8":{"start":{"line":9,"column":4},"end":{"line":9,"column":49}},"9":{"start":{"line":10,"column":4},"end":{"line":10,"column":65}},"10":{"start":{"line":14,"column":0},"end":{"line":14,"column":18}}},"fnMap":{"0":{"name":"(anonymous_0)","decl":{"start":{"line":1,"column":12},"end":{"line":1,"column":13}},"loc":{"start":{"line":1,"column":58},"end":{"line":12,"column":1}},"line":1},"1":{"name":"(anonymous_1)","decl":{"start":{"line":2,"column":60},"end":{"line":2,"column":61}},"loc":{"start":{"line":2,"column":66},"end":{"line":11,"column":3}},"line":2}},"branchMap":{},"s":{"0":2,"1":3,"2":4,"3":4,"4":4,"5":4,"6":4,"7":4,"8":4,"9":4,"10":2},"f":{"0":3,"1":4},"b":{},"_coverageSchema":"1a1c01bbd47fc00a2c39e90264f33305004495a9","hash":"11ce31ba689889a5911b45c279e3de3cbc1304a1"}
,"C:\\Users\\HFC\\Desktop\\Microverse-projects\\To-Do-List\\src\\editDes.js": {"path":"C:\\Users\\HFC\\Desktop\\Microverse-projects\\To-Do-List\\src\\editDes.js","statementMap":{"0":{"start":{"line":1,"column":13},"end":{"line":7,"column":1}},"1":{"start":{"line":2,"column":2},"end":{"line":5,"column":5}},"2":{"start":{"line":3,"column":4},"end":{"line":3,"column":38}},"3":{"start":{"line":4,"column":4},"end":{"line":4,"column":65}},"4":{"start":{"line":6,"column":2},"end":{"line":6,"column":36}},"5":{"start":{"line":9,"column":0},"end":{"line":9,"column":20}}},"fnMap":{"0":{"name":"(anonymous_0)","decl":{"start":{"line":1,"column":13},"end":{"line":1,"column":14}},"loc":{"start":{"line":1,"column":48},"end":{"line":7,"column":1}},"line":1},"1":{"name":"(anonymous_1)","decl":{"start":{"line":2,"column":35},"end":{"line":2,"column":36}},"loc":{"start":{"line":2,"column":41},"end":{"line":5,"column":3}},"line":2}},"branchMap":{},"s":{"0":4,"1":8,"2":2,"3":2,"4":8,"5":4},"f":{"0":8,"1":2},"b":{},"_coverageSchema":"1a1c01bbd47fc00a2c39e90264f33305004495a9","hash":"26fabf8271539d5944aeb33378cd14c177a1d309"}
,"C:\\Users\\HFC\\Desktop\\Microverse-projects\\To-Do-List\\src\\remove.js": {"path":"C:\\Users\\HFC\\Desktop\\Microverse-projects\\To-Do-List\\src\\remove.js","statementMap":{"0":{"start":{"line":1,"column":18},"end":{"line":18,"column":1}},"1":{"start":{"line":2,"column":2},"end":{"line":17,"column":5}},"2":{"start":{"line":3,"column":4},"end":{"line":3,"column":67}},"3":{"start":{"line":3,"column":42},"end":{"line":3,"column":64}},"4":{"start":{"line":4,"column":4},"end":{"line":4,"column":52}},"5":{"start":{"line":5,"column":4},"end":{"line":10,"column":5}},"6":{"start":{"line":6,"column":6},"end":{"line":9,"column":7}},"7":{"start":{"line":6,"column":19},"end":{"line":6,"column":20}},"8":{"start":{"line":7,"column":8},"end":{"line":7,"column":38}},"9":{"start":{"line":8,"column":8},"end":{"line":8,"column":35}},"10":{"start":{"line":11,"column":4},"end":{"line":15,"column":5}},"11":{"start":{"line":12,"column":6},"end":{"line":12,"column":71}},"12":{"start":{"line":14,"column":6},"end":{"line":14,"column":74}},"13":{"start":{"line":16,"column":4},"end":{"line":16,"column":65}},"14":{"start":{"line":20,"column":0},"end":{"line":20,"column":30}}},"fnMap":{"0":{"name":"(anonymous_0)","decl":{"start":{"line":1,"column":18},"end":{"line":1,"column":19}},"loc":{"start":{"line":1,"column":50},"end":{"line":18,"column":1}},"line":1},"1":{"name":"(anonymous_1)","decl":{"start":{"line":2,"column":65},"end":{"line":2,"column":66}},"loc":{"start":{"line":2,"column":71},"end":{"line":17,"column":3}},"line":2},"2":{"name":"(anonymous_2)","decl":{"start":{"line":3,"column":33},"end":{"line":3,"column":34}},"loc":{"start":{"line":3,"column":42},"end":{"line":3,"column":64}},"line":3}},"branchMap":{"0":{"loc":{"start":{"line":5,"column":4},"end":{"line":10,"column":5}},"type":"if","locations":[{"start":{"line":5,"column":4},"end":{"line":10,"column":5}},{"start":{},"end":{}}],"line":5},"1":{"loc":{"start":{"line":11,"column":4},"end":{"line":15,"column":5}},"type":"if","locations":[{"start":{"line":11,"column":4},"end":{"line":15,"column":5}},{"start":{"line":13,"column":11},"end":{"line":15,"column":5}}],"line":11}},"s":{"0":1,"1":2,"2":2,"3":4,"4":2,"5":2,"6":1,"7":1,"8":2,"9":2,"10":2,"11":1,"12":1,"13":2,"14":1},"f":{"0":2,"1":2,"2":4},"b":{"0":[1,1],"1":[1,1]},"_coverageSchema":"1a1c01bbd47fc00a2c39e90264f33305004495a9","hash":"e2155355e9db57016702876d5516ff9d68748570"}
,"C:\\Users\\HFC\\Desktop\\Microverse-projects\\To-Do-List\\src\\removeOne.js": {"path":"C:\\Users\\HFC\\Desktop\\Microverse-projects\\To-Do-List\\src\\removeOne.js","statementMap":{"0":{"start":{"line":1,"column":18},"end":{"line":10,"column":1}},"1":{"start":{"line":4,"column":2},"end":{"line":9,"column":5}},"2":{"start":{"line":5,"column":4},"end":{"line":5,"column":59}},"3":{"start":{"line":5,"column":42},"end":{"line":5,"column":56}},"4":{"start":{"line":6,"column":4},"end":{"line":6,"column":29}},"5":{"start":{"line":7,"column":4},"end":{"line":7,"column":23}},"6":{"start":{"line":8,"column":4},"end":{"line":8,"column":65}},"7":{"start":{"line":12,"column":0},"end":{"line":12,"column":30}}},"fnMap":{"0":{"name":"(anonymous_0)","decl":{"start":{"line":1,"column":18},"end":{"line":1,"column":19}},"loc":{"start":{"line":3,"column":6},"end":{"line":10,"column":1}},"line":3},"1":{"name":"(anonymous_1)","decl":{"start":{"line":4,"column":34},"end":{"line":4,"column":35}},"loc":{"start":{"line":4,"column":40},"end":{"line":9,"column":3}},"line":4},"2":{"name":"(anonymous_2)","decl":{"start":{"line":5,"column":33},"end":{"line":5,"column":34}},"loc":{"start":{"line":5,"column":42},"end":{"line":5,"column":56}},"line":5}},"branchMap":{},"s":{"0":1,"1":1,"2":1,"3":1,"4":1,"5":1,"6":1,"7":1},"f":{"0":1,"1":1,"2":1},"b":{},"_coverageSchema":"1a1c01bbd47fc00a2c39e90264f33305004495a9","hash":"fb7334a37d0a97f09ca5008366800016f1bb4825"}
}
